<?xml version="1.0" encoding="UTF-8"?>
<!-- Generated by org.testng.reporters.JUnitReportReporter -->
<testsuite hostname="VICKY" name="com.TestCases.LoginTest" tests="3" failures="0" timestamp="7 Jan 2021 07:59:47 GMT" time="88.529" errors="0">
  <testcase name="invalidUsernameTest" time="30.142" classname="com.TestCases.LoginTest"/>
  <testcase name="validUsernameTest" time="30.051" classname="com.TestCases.LoginTest"/>
  <testcase name="invalidPasswordTest" time="28.336" classname="com.TestCases.LoginTest"/>
</testsuite> <!-- com.TestCases.LoginTest -->
