<?xml version="1.0" encoding="UTF-8"?>
<!-- Generated by org.testng.reporters.JUnitReportReporter -->
<testsuite hostname="VICKY" name="com.BaseClass.NewTest" tests="1" failures="0" timestamp="23 Dec 2020 08:51:05 GMT" time="43.065" errors="0">
  <testcase name="BrowserStack" time="43.065" classname="com.BaseClass.NewTest"/>
</testsuite> <!-- com.BaseClass.NewTest -->
