<?xml version="1.0" encoding="UTF-8"?>
<!-- Generated by org.testng.reporters.JUnitReportReporter -->
<testsuite hostname="VICKY" name="com.utility.BrowserStackTest" tests="1" failures="0" timestamp="23 Dec 2020 12:34:58 GMT" time="45.751" errors="0">
  <testcase name="openTheSystem" time="45.751" classname="com.utility.BrowserStackTest"/>
</testsuite> <!-- com.utility.BrowserStackTest -->
