<?xml version="1.0" encoding="UTF-8"?>
<!-- Generated by org.testng.reporters.JUnitReportReporter -->
<testsuite hostname="VICKY" name="com.TestCases.ProductInformationTest" tests="4" failures="0" timestamp="7 Jan 2021 05:51:28 GMT" time="157.754" errors="0">
  <testcase name="validateProductsOnProductDetailsPage" time="70.565" classname="com.TestCases.ProductInformationTest"/>
  <testcase name="validateProductsOnProductPage" time="15.330" classname="com.TestCases.ProductInformationTest"/>
  <testcase name="validateProductsOnProductDetailsPage" time="23.137" classname="com.TestCases.ProductInformationTest"/>
  <testcase name="validateProductsOnProductPage" time="48.722" classname="com.TestCases.ProductInformationTest"/>
</testsuite> <!-- com.TestCases.ProductInformationTest -->
